<?xml version="1.0" encoding="UTF-8"?>
<!-- Generated by org.testng.reporters.JUnitReportReporter -->
<testsuite skipped="0" hostname="Prerna-Kumar" name="com.qa.com.testcases.LoginPageTest" tests="3" failures="0" timestamp="04 Oct 2018 11:15:30 GMT" time="34.484" errors="0">
  <testcase name="LoginPageTitleTest" time="8.310" classname="com.qa.com.testcases.LoginPageTest"/>
  <testcase name="logoTest" time="8.625" classname="com.qa.com.testcases.LoginPageTest"/>
  <testcase name="loginTest" time="17.549" classname="com.qa.com.testcases.LoginPageTest"/>
</testsuite> <!-- com.qa.com.testcases.LoginPageTest -->
